cl : command line warning D9035: option 'Gm' has been deprecated and will be removed in a future release
  vJoyClient.cpp
C:\Users\lipat\Desktop\WiFly\vJoySDK\SDK\src\zmq_helpers.h(59,12): warning C4996: 'strdup': The POSIX name for this item is deprecated. Instead, use the ISO C and C++ conformant name: _strdup. See online help for details.
C:\Users\lipat\Desktop\WiFly\vJoySDK\SDK\src\zmq_helpers.h(145,5): warning C4996: 'sprintf': This function or variable may be unsafe. Consider using sprintf_s instead. To disable deprecation, use _CRT_SECURE_NO_WARNINGS. See online help for details.
C:\Users\lipat\Desktop\WiFly\vJoySDK\SDK\src\zmq_helpers.h(186,26): warning C4996: 'localtime': This function or variable may be unsafe. Consider using localtime_s instead. To disable deprecation, use _CRT_SECURE_NO_WARNINGS. See online help for details.
C:\Users\lipat\Desktop\WiFly\vJoySDK\SDK\src\vJoyClient.cpp(81,11): warning C4477: 'wprintf' : format string '%s' requires an argument of type 'wchar_t *', but variadic argument 1 has type 'TCHAR *'
C:\Users\lipat\Desktop\WiFly\vJoySDK\SDK\src\vJoyClient.cpp(81,11): message : consider using '%hs' in the format string
C:\Users\lipat\Desktop\WiFly\vJoySDK\SDK\src\vJoyClient.cpp(81,11): message : consider using '%Ts' in the format string
C:\Users\lipat\Desktop\WiFly\vJoySDK\SDK\src\vJoyClient.cpp(81,11): message : this warning is based on non-standard semantics used by Visual C++
C:\Users\lipat\Desktop\WiFly\vJoySDK\SDK\src\vJoyClient.cpp(81,11): warning C4477: 'wprintf' : format string '%s' requires an argument of type 'wchar_t *', but variadic argument 2 has type 'TCHAR *'
C:\Users\lipat\Desktop\WiFly\vJoySDK\SDK\src\vJoyClient.cpp(81,11): message : consider using '%hs' in the format string
C:\Users\lipat\Desktop\WiFly\vJoySDK\SDK\src\vJoyClient.cpp(81,11): message : consider using '%Ts' in the format string
C:\Users\lipat\Desktop\WiFly\vJoySDK\SDK\src\vJoyClient.cpp(81,11): message : this warning is based on non-standard semantics used by Visual C++
C:\Users\lipat\Desktop\WiFly\vJoySDK\SDK\src\vJoyClient.cpp(81,11): warning C4477: 'wprintf' : format string '%s' requires an argument of type 'wchar_t *', but variadic argument 3 has type 'TCHAR *'
C:\Users\lipat\Desktop\WiFly\vJoySDK\SDK\src\vJoyClient.cpp(81,11): message : consider using '%hs' in the format string
C:\Users\lipat\Desktop\WiFly\vJoySDK\SDK\src\vJoyClient.cpp(81,11): message : consider using '%Ts' in the format string
C:\Users\lipat\Desktop\WiFly\vJoySDK\SDK\src\vJoyClient.cpp(81,11): message : this warning is based on non-standard semantics used by Visual C++
C:\Users\lipat\Desktop\WiFly\vJoySDK\SDK\src\vJoyClient.cpp(145,4): warning C4996: 'sscanf': This function or variable may be unsafe. Consider using sscanf_s instead. To disable deprecation, use _CRT_SECURE_NO_WARNINGS. See online help for details.
  vJoyClient.vcxproj -> C:\Users\lipat\Desktop\WiFly\vJoySDK\SDK\src\Debug\vJoyClient.exe
          1 file(s) copied.
